Start at Tuesday, July 08, 2008    17:29:03
=========================================

Registration Info : 

Windows Version:
Professional  (Build 6000)

Module Info:
Company: fCoder Group, Inc.
Product Name: ImageConverter Plus
Product Version: 7.1.16.80610

CPU Info:
Vendor: AuthenticAMD
Vendor ID: Advanced Micro Devices
Extended Processor Name: AMD Turion(tm) 64 X2 Mobile Technology TL-50
Procesor Clock Frequecy: 1603
Logical processors per physical: 0
Stepping code: 2
MMX support: yes
MMX+ support: yes
SSE support: yes
SSE2 support: yes
3DNow suppor: yes
3DNow+ suppor: yes
AI64 support: no
Hyperthreading support: no
L1 cache size: 128
L2 cache size: 256
L3 cache size: -1

Monitor info:
Color depth: 32 Bits per pixel.
Pixel Width: 1440
Pixel Height: 900
Refresh frequency: 60 Hz

Internet Explorer Version: 6.0
Build Number: 6000

Printers list: 
Microsoft XPS Document Writer
HP Photosmart C4100 series
Fax

Default printer: 
HP Photosmart C4100 series


Script settings:

Operations:

Format properties:
    Extension: png
    bits per pixel : 24
    compression level : 5
    quantization levels : 8
    dithering : yes
    use source alpha channel for indexed modes : yes

Save properties:
    Destination path: {Source path}
    convert with subfolders : yes
    restore subfolder structure in target folder : yes
    open target folder after conversion : yes
    create log file in target folder : yes

Target file name properties:
    Name template: {Title}.{Type}
    what to do, if file exists : auto_rename
    delete source images : no

Processing files...

=====================================================================

File 1 of 53

RAM free    :     499.6 of    1534.0 Mb
Virtual free:    1904.8 of    2047.9 Mb
Target free disk space :   14277.7 of   95393.8 Mb
Temp free disk space   :   14277.7 of   95393.8 Mb

Src info : C:\Users\Administrateur\exercices\Scopa\jeu\Images\0.bmp
bmp, 73x98px, 24bpp, 1 page(s), 96.215202x96.469200 dpi, 21616 bytes
Load all pages :  ok

Save :  ok

Dest info : C:\Users\Administrateur\exercices\Scopa\jeu\Images\0.png
png, 73x98px, 24bpp, 1 page(s), 96.000000x96.000000 dpi, 15835 bytes

=====================================================================

File 2 of 53

RAM free    :     499.2 of    1534.0 Mb
Virtual free:    1904.8 of    2047.9 Mb
Target free disk space :   14277.7 of   95393.8 Mb
Temp free disk space   :   14277.7 of   95393.8 Mb

Src info : C:\Users\Administrateur\exercices\Scopa\jeu\Images\1.club.bmp
bmp, 73x98px, 24bpp, 1 page(s), 96.265999x96.519997 dpi, 21614 bytes
Load all pages :  ok

Save :  ok

Dest info : C:\Users\Administrateur\exercices\Scopa\jeu\Images\1.club.png
png, 73x98px, 24bpp, 1 page(s), 96.000000x97.000000 dpi, 620 bytes

=====================================================================

File 3 of 53

RAM free    :     499.2 of    1534.0 Mb
Virtual free:    1904.8 of    2047.9 Mb
Target free disk space :   14277.7 of   95393.8 Mb
Temp free disk space   :   14277.7 of   95393.8 Mb

Src info : C:\Users\Administrateur\exercices\Scopa\jeu\Images\1.dia.bmp
bmp, 73x98px, 24bpp, 1 page(s), 96.265999x96.519997 dpi, 21614 bytes
Load all pages :  ok

Save :  ok

Dest info : C:\Users\Administrateur\exercices\Scopa\jeu\Images\1.dia.png
png, 73x98px, 24bpp, 1 page(s), 96.000000x97.000000 dpi, 594 bytes

=====================================================================

File 4 of 53

RAM free    :     499.1 of    1534.0 Mb
Virtual free:    1904.8 of    2047.9 Mb
Target free disk space :   14277.7 of   95393.8 Mb
Temp free disk space   :   14277.7 of   95393.8 Mb

Src info : C:\Users\Administrateur\exercices\Scopa\jeu\Images\1.heart.bmp
bmp, 73x98px, 24bpp, 1 page(s), 96.265999x96.519997 dpi, 21614 bytes
Load all pages :  ok

Save :  ok

Dest info : C:\Users\Administrateur\exercices\Scopa\jeu\Images\1.heart.png
png, 73x98px, 24bpp, 1 page(s), 96.000000x97.000000 dpi, 601 bytes

=====================================================================

File 5 of 53

RAM free    :     499.3 of    1534.0 Mb
Virtual free:    1904.8 of    2047.9 Mb
Target free disk space :   14277.7 of   95393.8 Mb
Temp free disk space   :   14277.7 of   95393.8 Mb

Src info : C:\Users\Administrateur\exercices\Scopa\jeu\Images\1.spade.bmp
bmp, 73x98px, 24bpp, 1 page(s), 96.265999x96.519997 dpi, 21614 bytes
Load all pages :  ok

Save :  ok

Dest info : C:\Users\Administrateur\exercices\Scopa\jeu\Images\1.spade.png
png, 73x98px, 24bpp, 1 page(s), 96.000000x97.000000 dpi, 868 bytes

=====================================================================

File 6 of 53

RAM free    :     499.1 of    1534.0 Mb
Virtual free:    1904.8 of    2047.9 Mb
Target free disk space :   14277.7 of   95393.8 Mb
Temp free disk space   :   14277.7 of   95393.8 Mb

Src info : C:\Users\Administrateur\exercices\Scopa\jeu\Images\10.club.bmp
bmp, 73x98px, 24bpp, 1 page(s), 96.265999x96.519997 dpi, 21614 bytes
Load all pages :  ok

Save :  ok

Dest info : C:\Users\Administrateur\exercices\Scopa\jeu\Images\10.club.png
png, 73x98px, 24bpp, 1 page(s), 96.000000x97.000000 dpi, 1000 bytes

=====================================================================

File 7 of 53

RAM free    :     499.1 of    1534.0 Mb
Virtual free:    1904.8 of    2047.9 Mb
Target free disk space :   14277.6 of   95393.8 Mb
Temp free disk space   :   14277.6 of   95393.8 Mb

Src info : C:\Users\Administrateur\exercices\Scopa\jeu\Images\10.dia.bmp
bmp, 73x98px, 24bpp, 1 page(s), 96.265999x96.519997 dpi, 21614 bytes
Load all pages :  ok

Save :  ok

Dest info : C:\Users\Administrateur\exercices\Scopa\jeu\Images\10.dia.png
png, 73x98px, 24bpp, 1 page(s), 96.000000x97.000000 dpi, 981 bytes

=====================================================================

File 8 of 53

RAM free    :     499.1 of    1534.0 Mb
Virtual free:    1904.8 of    2047.9 Mb
Target free disk space :   14277.6 of   95393.8 Mb
Temp free disk space   :   14277.6 of   95393.8 Mb

Src info : C:\Users\Administrateur\exercices\Scopa\jeu\Images\10.heart.bmp
bmp, 73x98px, 24bpp, 1 page(s), 96.265999x96.519997 dpi, 21614 bytes
Load all pages :  ok

Save :  ok

Dest info : C:\Users\Administrateur\exercices\Scopa\jeu\Images\10.heart.png
png, 73x98px, 24bpp, 1 page(s), 96.000000x97.000000 dpi, 965 bytes

=====================================================================

File 9 of 53

RAM free    :     499.0 of    1534.0 Mb
Virtual free:    1904.8 of    2047.9 Mb
Target free disk space :   14277.6 of   95393.8 Mb
Temp free disk space   :   14277.6 of   95393.8 Mb

Src info : C:\Users\Administrateur\exercices\Scopa\jeu\Images\10.spade.bmp
bmp, 73x98px, 24bpp, 1 page(s), 96.265999x96.519997 dpi, 21614 bytes
Load all pages :  ok

Save :  ok

Dest info : C:\Users\Administrateur\exercices\Scopa\jeu\Images\10.spade.png
png, 73x98px, 24bpp, 1 page(s), 96.000000x97.000000 dpi, 999 bytes

=====================================================================

File 10 of 53

RAM free    :     499.3 of    1534.0 Mb
Virtual free:    1904.8 of    2047.9 Mb
Target free disk space :   14277.6 of   95393.8 Mb
Temp free disk space   :   14277.6 of   95393.8 Mb

Src info : C:\Users\Administrateur\exercices\Scopa\jeu\Images\11.club.bmp
bmp, 73x98px, 24bpp, 1 page(s), 96.265999x96.519997 dpi, 21614 bytes
Load all pages :  ok

Save :  ok

Dest info : C:\Users\Administrateur\exercices\Scopa\jeu\Images\11.club.png
png, 73x98px, 24bpp, 1 page(s), 96.000000x97.000000 dpi, 1812 bytes

=====================================================================

File 11 of 53

RAM free    :     499.2 of    1534.0 Mb
Virtual free:    1904.8 of    2047.9 Mb
Target free disk space :   14277.6 of   95393.8 Mb
Temp free disk space   :   14277.6 of   95393.8 Mb

Src info : C:\Users\Administrateur\exercices\Scopa\jeu\Images\11.dia.bmp
bmp, 73x98px, 24bpp, 1 page(s), 96.265999x96.519997 dpi, 21614 bytes
Load all pages :  ok

Save :  ok

Dest info : C:\Users\Administrateur\exercices\Scopa\jeu\Images\11.dia.png
png, 73x98px, 24bpp, 1 page(s), 96.000000x97.000000 dpi, 1781 bytes

=====================================================================

File 12 of 53

RAM free    :     499.2 of    1534.0 Mb
Virtual free:    1904.8 of    2047.9 Mb
Target free disk space :   14277.6 of   95393.8 Mb
Temp free disk space   :   14277.6 of   95393.8 Mb

Src info : C:\Users\Administrateur\exercices\Scopa\jeu\Images\11.heart.bmp
bmp, 73x98px, 24bpp, 1 page(s), 96.265999x96.519997 dpi, 21614 bytes
Load all pages :  ok

Save :  ok

Dest info : C:\Users\Administrateur\exercices\Scopa\jeu\Images\11.heart.png
png, 73x98px, 24bpp, 1 page(s), 96.000000x97.000000 dpi, 1863 bytes

=====================================================================

File 13 of 53

RAM free    :     499.2 of    1534.0 Mb
Virtual free:    1904.8 of    2047.9 Mb
Target free disk space :   14277.6 of   95393.8 Mb
Temp free disk space   :   14277.6 of   95393.8 Mb

Src info : C:\Users\Administrateur\exercices\Scopa\jeu\Images\11.spade.bmp
bmp, 73x98px, 24bpp, 1 page(s), 96.265999x96.519997 dpi, 21614 bytes
Load all pages :  ok

Save :  ok

Dest info : C:\Users\Administrateur\exercices\Scopa\jeu\Images\11.spade.png
png, 73x98px, 24bpp, 1 page(s), 96.000000x97.000000 dpi, 1725 bytes

=====================================================================

File 14 of 53

RAM free    :     498.9 of    1534.0 Mb
Virtual free:    1904.8 of    2047.9 Mb
Target free disk space :   14277.6 of   95393.8 Mb
Temp free disk space   :   14277.6 of   95393.8 Mb

Src info : C:\Users\Administrateur\exercices\Scopa\jeu\Images\12.club.bmp
bmp, 73x98px, 24bpp, 1 page(s), 96.265999x96.519997 dpi, 21614 bytes
Load all pages :  ok

Save :  ok

Dest info : C:\Users\Administrateur\exercices\Scopa\jeu\Images\12.club.png
png, 73x98px, 24bpp, 1 page(s), 96.000000x97.000000 dpi, 2021 bytes

=====================================================================

File 15 of 53

RAM free    :     499.1 of    1534.0 Mb
Virtual free:    1904.8 of    2047.9 Mb
Target free disk space :   14277.6 of   95393.8 Mb
Temp free disk space   :   14277.6 of   95393.8 Mb

Src info : C:\Users\Administrateur\exercices\Scopa\jeu\Images\12.dia.bmp
bmp, 73x98px, 24bpp, 1 page(s), 96.265999x96.519997 dpi, 21614 bytes
Load all pages :  ok

Save :  ok

Dest info : C:\Users\Administrateur\exercices\Scopa\jeu\Images\12.dia.png
png, 73x98px, 24bpp, 1 page(s), 96.000000x97.000000 dpi, 1933 bytes

=====================================================================

File 16 of 53

RAM free    :     499.1 of    1534.0 Mb
Virtual free:    1904.8 of    2047.9 Mb
Target free disk space :   14277.6 of   95393.8 Mb
Temp free disk space   :   14277.6 of   95393.8 Mb

Src info : C:\Users\Administrateur\exercices\Scopa\jeu\Images\12.heart.bmp
bmp, 73x98px, 24bpp, 1 page(s), 96.265999x96.519997 dpi, 21614 bytes
Load all pages :  ok

Save :  ok

Dest info : C:\Users\Administrateur\exercices\Scopa\jeu\Images\12.heart.png
png, 73x98px, 24bpp, 1 page(s), 96.000000x97.000000 dpi, 1984 bytes

=====================================================================

File 17 of 53

RAM free    :     499.0 of    1534.0 Mb
Virtual free:    1904.8 of    2047.9 Mb
Target free disk space :   14277.6 of   95393.8 Mb
Temp free disk space   :   14277.6 of   95393.8 Mb

Src info : C:\Users\Administrateur\exercices\Scopa\jeu\Images\12.spade.bmp
bmp, 73x98px, 24bpp, 1 page(s), 96.265999x96.519997 dpi, 21614 bytes
Load all pages :  ok

Save :  ok

Dest info : C:\Users\Administrateur\exercices\Scopa\jeu\Images\12.spade.png
png, 73x98px, 24bpp, 1 page(s), 96.000000x97.000000 dpi, 1878 bytes

=====================================================================

File 18 of 53

RAM free    :     499.0 of    1534.0 Mb
Virtual free:    1904.8 of    2047.9 Mb
Target free disk space :   14277.6 of   95393.8 Mb
Temp free disk space   :   14277.6 of   95393.8 Mb

Src info : C:\Users\Administrateur\exercices\Scopa\jeu\Images\13.club.bmp
bmp, 73x98px, 24bpp, 1 page(s), 96.265999x96.519997 dpi, 21614 bytes
Load all pages :  ok

Save :  ok

Dest info : C:\Users\Administrateur\exercices\Scopa\jeu\Images\13.club.png
png, 73x98px, 24bpp, 1 page(s), 96.000000x97.000000 dpi, 1736 bytes

=====================================================================

File 19 of 53

RAM free    :     499.0 of    1534.0 Mb
Virtual free:    1904.8 of    2047.9 Mb
Target free disk space :   14277.6 of   95393.8 Mb
Temp free disk space   :   14277.6 of   95393.8 Mb

Src info : C:\Users\Administrateur\exercices\Scopa\jeu\Images\13.dia.bmp
bmp, 73x98px, 24bpp, 1 page(s), 96.265999x96.519997 dpi, 21614 bytes
Load all pages :  ok

Save :  ok

Dest info : C:\Users\Administrateur\exercices\Scopa\jeu\Images\13.dia.png
png, 73x98px, 24bpp, 1 page(s), 96.000000x97.000000 dpi, 1882 bytes

=====================================================================

File 20 of 53

RAM free    :     499.0 of    1534.0 Mb
Virtual free:    1904.8 of    2047.9 Mb
Target free disk space :   14277.6 of   95393.8 Mb
Temp free disk space   :   14277.6 of   95393.8 Mb

Src info : C:\Users\Administrateur\exercices\Scopa\jeu\Images\13.heart.bmp
bmp, 73x98px, 24bpp, 1 page(s), 96.265999x96.519997 dpi, 21614 bytes
Load all pages :  ok

Save :  ok

Dest info : C:\Users\Administrateur\exercices\Scopa\jeu\Images\13.heart.png
png, 73x98px, 24bpp, 1 page(s), 96.000000x97.000000 dpi, 1979 bytes

=====================================================================

File 21 of 53

RAM free    :     499.5 of    1534.0 Mb
Virtual free:    1904.8 of    2047.9 Mb
Target free disk space :   14277.6 of   95393.8 Mb
Temp free disk space   :   14277.6 of   95393.8 Mb

Src info : C:\Users\Administrateur\exercices\Scopa\jeu\Images\13.spade.bmp
bmp, 73x98px, 24bpp, 1 page(s), 96.265999x96.519997 dpi, 21614 bytes
Load all pages :  ok

Save :  ok

Dest info : C:\Users\Administrateur\exercices\Scopa\jeu\Images\13.spade.png
png, 73x98px, 24bpp, 1 page(s), 96.000000x97.000000 dpi, 1732 bytes

=====================================================================

File 22 of 53

RAM free    :     499.5 of    1534.0 Mb
Virtual free:    1904.8 of    2047.9 Mb
Target free disk space :   14277.6 of   95393.8 Mb
Temp free disk space   :   14277.6 of   95393.8 Mb

Src info : C:\Users\Administrateur\exercices\Scopa\jeu\Images\2.club.bmp
bmp, 73x98px, 24bpp, 1 page(s), 96.265999x96.519997 dpi, 21614 bytes
Load all pages :  ok

Save :  ok

Dest info : C:\Users\Administrateur\exercices\Scopa\jeu\Images\2.club.png
png, 73x98px, 24bpp, 1 page(s), 96.000000x97.000000 dpi, 671 bytes

=====================================================================

File 23 of 53

RAM free    :     499.4 of    1534.0 Mb
Virtual free:    1904.8 of    2047.9 Mb
Target free disk space :   14277.6 of   95393.8 Mb
Temp free disk space   :   14277.6 of   95393.8 Mb

Src info : C:\Users\Administrateur\exercices\Scopa\jeu\Images\2.dia.bmp
bmp, 73x98px, 24bpp, 1 page(s), 96.265999x96.519997 dpi, 21614 bytes
Load all pages :  ok

Save :  ok

Dest info : C:\Users\Administrateur\exercices\Scopa\jeu\Images\2.dia.png
png, 73x98px, 24bpp, 1 page(s), 96.000000x97.000000 dpi, 646 bytes

=====================================================================

File 24 of 53

RAM free    :     499.4 of    1534.0 Mb
Virtual free:    1904.8 of    2047.9 Mb
Target free disk space :   14277.6 of   95393.8 Mb
Temp free disk space   :   14277.6 of   95393.8 Mb

Src info : C:\Users\Administrateur\exercices\Scopa\jeu\Images\2.heart.bmp
bmp, 73x98px, 24bpp, 1 page(s), 96.265999x96.519997 dpi, 21614 bytes
Load all pages :  ok

Save :  ok

Dest info : C:\Users\Administrateur\exercices\Scopa\jeu\Images\2.heart.png
png, 73x98px, 24bpp, 1 page(s), 96.000000x97.000000 dpi, 653 bytes

=====================================================================

File 25 of 53

RAM free    :     499.4 of    1534.0 Mb
Virtual free:    1904.8 of    2047.9 Mb
Target free disk space :   14277.5 of   95393.8 Mb
Temp free disk space   :   14277.5 of   95393.8 Mb

Src info : C:\Users\Administrateur\exercices\Scopa\jeu\Images\2.spade.bmp
bmp, 73x98px, 24bpp, 1 page(s), 96.265999x96.519997 dpi, 21614 bytes
Load all pages :  ok

Save :  ok

Dest info : C:\Users\Administrateur\exercices\Scopa\jeu\Images\2.spade.png
png, 73x98px, 24bpp, 1 page(s), 96.000000x97.000000 dpi, 664 bytes

=====================================================================

File 26 of 53

RAM free    :     499.9 of    1534.0 Mb
Virtual free:    1904.8 of    2047.9 Mb
Target free disk space :   14277.5 of   95393.8 Mb
Temp free disk space   :   14277.5 of   95393.8 Mb

Src info : C:\Users\Administrateur\exercices\Scopa\jeu\Images\3.club.bmp
bmp, 73x98px, 24bpp, 1 page(s), 96.265999x96.519997 dpi, 21614 bytes
Load all pages :  ok

Save :  ok

Dest info : C:\Users\Administrateur\exercices\Scopa\jeu\Images\3.club.png
png, 73x98px, 24bpp, 1 page(s), 96.000000x97.000000 dpi, 735 bytes

=====================================================================

File 27 of 53

RAM free    :     499.9 of    1534.0 Mb
Virtual free:    1904.8 of    2047.9 Mb
Target free disk space :   14277.5 of   95393.8 Mb
Temp free disk space   :   14277.5 of   95393.8 Mb

Src info : C:\Users\Administrateur\exercices\Scopa\jeu\Images\3.dia.bmp
bmp, 73x98px, 24bpp, 1 page(s), 96.265999x96.519997 dpi, 21614 bytes
Load all pages :  ok

Save :  ok

Dest info : C:\Users\Administrateur\exercices\Scopa\jeu\Images\3.dia.png
png, 73x98px, 24bpp, 1 page(s), 96.000000x97.000000 dpi, 679 bytes

=====================================================================

File 28 of 53

RAM free    :     499.8 of    1534.0 Mb
Virtual free:    1904.8 of    2047.9 Mb
Target free disk space :   14277.5 of   95393.8 Mb
Temp free disk space   :   14277.5 of   95393.8 Mb

Src info : C:\Users\Administrateur\exercices\Scopa\jeu\Images\3.heart.bmp
bmp, 73x98px, 24bpp, 1 page(s), 96.265999x96.519997 dpi, 21614 bytes
Load all pages :  ok

Save :  ok

Dest info : C:\Users\Administrateur\exercices\Scopa\jeu\Images\3.heart.png
png, 73x98px, 24bpp, 1 page(s), 96.000000x97.000000 dpi, 719 bytes

=====================================================================

File 29 of 53

RAM free    :     499.8 of    1534.0 Mb
Virtual free:    1904.8 of    2047.9 Mb
Target free disk space :   14277.5 of   95393.8 Mb
Temp free disk space   :   14277.5 of   95393.8 Mb

Src info : C:\Users\Administrateur\exercices\Scopa\jeu\Images\3.spade.bmp
bmp, 73x98px, 24bpp, 1 page(s), 96.265999x96.519997 dpi, 21614 bytes
Load all pages :  ok

Save :  ok

Dest info : C:\Users\Administrateur\exercices\Scopa\jeu\Images\3.spade.png
png, 73x98px, 24bpp, 1 page(s), 96.000000x97.000000 dpi, 723 bytes

=====================================================================

File 30 of 53

RAM free    :     506.0 of    1534.0 Mb
Virtual free:    1904.8 of    2047.9 Mb
Target free disk space :   14277.5 of   95393.8 Mb
Temp free disk space   :   14277.5 of   95393.8 Mb

Src info : C:\Users\Administrateur\exercices\Scopa\jeu\Images\4.club.bmp
bmp, 73x98px, 24bpp, 1 page(s), 96.265999x96.519997 dpi, 21614 bytes
Load all pages :  ok

Save :  ok

Dest info : C:\Users\Administrateur\exercices\Scopa\jeu\Images\4.club.png
png, 73x98px, 24bpp, 1 page(s), 96.000000x97.000000 dpi, 731 bytes

=====================================================================

File 31 of 53

RAM free    :     506.0 of    1534.0 Mb
Virtual free:    1904.8 of    2047.9 Mb
Target free disk space :   14277.5 of   95393.8 Mb
Temp free disk space   :   14277.5 of   95393.8 Mb

Src info : C:\Users\Administrateur\exercices\Scopa\jeu\Images\4.dia.bmp
bmp, 73x98px, 24bpp, 1 page(s), 96.265999x96.519997 dpi, 21614 bytes
Load all pages :  ok

Save :  ok

Dest info : C:\Users\Administrateur\exercices\Scopa\jeu\Images\4.dia.png
png, 73x98px, 24bpp, 1 page(s), 96.000000x97.000000 dpi, 706 bytes

=====================================================================

File 32 of 53

RAM free    :     506.0 of    1534.0 Mb
Virtual free:    1904.8 of    2047.9 Mb
Target free disk space :   14277.5 of   95393.8 Mb
Temp free disk space   :   14277.5 of   95393.8 Mb

Src info : C:\Users\Administrateur\exercices\Scopa\jeu\Images\4.heart.bmp
bmp, 73x98px, 24bpp, 1 page(s), 96.265999x96.519997 dpi, 21614 bytes
Load all pages :  ok

Save :  ok

Dest info : C:\Users\Administrateur\exercices\Scopa\jeu\Images\4.heart.png
png, 73x98px, 24bpp, 1 page(s), 96.000000x97.000000 dpi, 698 bytes

=====================================================================

File 33 of 53

RAM free    :     505.9 of    1534.0 Mb
Virtual free:    1904.8 of    2047.9 Mb
Target free disk space :   14277.5 of   95393.8 Mb
Temp free disk space   :   14277.5 of   95393.8 Mb

Src info : C:\Users\Administrateur\exercices\Scopa\jeu\Images\4.spade.bmp
bmp, 73x98px, 24bpp, 1 page(s), 96.265999x96.519997 dpi, 21614 bytes
Load all pages :  ok

Save :  ok

Dest info : C:\Users\Administrateur\exercices\Scopa\jeu\Images\4.spade.png
png, 73x98px, 24bpp, 1 page(s), 96.000000x97.000000 dpi, 732 bytes

=====================================================================

File 34 of 53

RAM free    :     506.1 of    1534.0 Mb
Virtual free:    1904.8 of    2047.9 Mb
Target free disk space :   14277.5 of   95393.8 Mb
Temp free disk space   :   14277.5 of   95393.8 Mb

Src info : C:\Users\Administrateur\exercices\Scopa\jeu\Images\5.club.bmp
bmp, 73x98px, 24bpp, 1 page(s), 96.265999x96.519997 dpi, 21614 bytes
Load all pages :  ok

Save :  ok

Dest info : C:\Users\Administrateur\exercices\Scopa\jeu\Images\5.club.png
png, 73x98px, 24bpp, 1 page(s), 96.000000x97.000000 dpi, 792 bytes

=====================================================================

File 35 of 53

RAM free    :     506.0 of    1534.0 Mb
Virtual free:    1904.8 of    2047.9 Mb
Target free disk space :   14277.5 of   95393.8 Mb
Temp free disk space   :   14277.5 of   95393.8 Mb

Src info : C:\Users\Administrateur\exercices\Scopa\jeu\Images\5.dia.bmp
bmp, 73x98px, 24bpp, 1 page(s), 96.265999x96.519997 dpi, 21614 bytes
Load all pages :  ok

Save :  ok

Dest info : C:\Users\Administrateur\exercices\Scopa\jeu\Images\5.dia.png
png, 73x98px, 24bpp, 1 page(s), 96.000000x97.000000 dpi, 769 bytes

=====================================================================

File 36 of 53

RAM free    :     505.8 of    1534.0 Mb
Virtual free:    1904.8 of    2047.9 Mb
Target free disk space :   14277.5 of   95393.8 Mb
Temp free disk space   :   14277.5 of   95393.8 Mb

Src info : C:\Users\Administrateur\exercices\Scopa\jeu\Images\5.heart.bmp
bmp, 73x98px, 24bpp, 1 page(s), 96.265999x96.519997 dpi, 21614 bytes
Load all pages :  ok

Save :  ok

Dest info : C:\Users\Administrateur\exercices\Scopa\jeu\Images\5.heart.png
png, 73x98px, 24bpp, 1 page(s), 96.000000x97.000000 dpi, 778 bytes

=====================================================================

File 37 of 53

RAM free    :     505.5 of    1534.0 Mb
Virtual free:    1904.8 of    2047.9 Mb
Target free disk space :   14277.5 of   95393.8 Mb
Temp free disk space   :   14277.5 of   95393.8 Mb

Src info : C:\Users\Administrateur\exercices\Scopa\jeu\Images\5.spade.bmp
bmp, 73x98px, 24bpp, 1 page(s), 96.265999x96.519997 dpi, 21614 bytes
Load all pages :  ok

Save :  ok

Dest info : C:\Users\Administrateur\exercices\Scopa\jeu\Images\5.spade.png
png, 73x98px, 24bpp, 1 page(s), 96.000000x97.000000 dpi, 782 bytes

=====================================================================

File 38 of 53

RAM free    :     504.8 of    1534.0 Mb
Virtual free:    1904.8 of    2047.9 Mb
Target free disk space :   14277.5 of   95393.8 Mb
Temp free disk space   :   14277.5 of   95393.8 Mb

Src info : C:\Users\Administrateur\exercices\Scopa\jeu\Images\6.club.bmp
bmp, 73x98px, 24bpp, 1 page(s), 96.265999x96.519997 dpi, 21614 bytes
Load all pages :  ok

Save :  ok

Dest info : C:\Users\Administrateur\exercices\Scopa\jeu\Images\6.club.png
png, 73x98px, 24bpp, 1 page(s), 96.000000x97.000000 dpi, 825 bytes

=====================================================================

File 39 of 53

RAM free    :     502.7 of    1534.0 Mb
Virtual free:    1904.8 of    2047.9 Mb
Target free disk space :   14277.5 of   95393.8 Mb
Temp free disk space   :   14277.5 of   95393.8 Mb

Src info : C:\Users\Administrateur\exercices\Scopa\jeu\Images\6.dia.bmp
bmp, 73x98px, 24bpp, 1 page(s), 96.265999x96.519997 dpi, 21614 bytes
Load all pages :  ok

Save :  ok

Dest info : C:\Users\Administrateur\exercices\Scopa\jeu\Images\6.dia.png
png, 73x98px, 24bpp, 1 page(s), 96.000000x97.000000 dpi, 809 bytes

=====================================================================

File 40 of 53

RAM free    :     501.8 of    1534.0 Mb
Virtual free:    1904.8 of    2047.9 Mb
Target free disk space :   14277.5 of   95393.8 Mb
Temp free disk space   :   14277.5 of   95393.8 Mb

Src info : C:\Users\Administrateur\exercices\Scopa\jeu\Images\6.heart.bmp
bmp, 73x98px, 24bpp, 1 page(s), 96.265999x96.519997 dpi, 21614 bytes
Load all pages :  ok

Save :  ok

Dest info : C:\Users\Administrateur\exercices\Scopa\jeu\Images\6.heart.png
png, 73x98px, 24bpp, 1 page(s), 96.000000x97.000000 dpi, 800 bytes

=====================================================================

File 41 of 53

RAM free    :     501.1 of    1534.0 Mb
Virtual free:    1904.8 of    2047.9 Mb
Target free disk space :   14277.5 of   95393.8 Mb
Temp free disk space   :   14277.5 of   95393.8 Mb

Src info : C:\Users\Administrateur\exercices\Scopa\jeu\Images\6.spade.bmp
bmp, 73x98px, 24bpp, 1 page(s), 96.265999x96.519997 dpi, 21614 bytes
Load all pages :  ok

Save :  ok

Dest info : C:\Users\Administrateur\exercices\Scopa\jeu\Images\6.spade.png
png, 73x98px, 24bpp, 1 page(s), 96.000000x97.000000 dpi, 817 bytes

=====================================================================

File 42 of 53

RAM free    :     500.4 of    1534.0 Mb
Virtual free:    1904.8 of    2047.9 Mb
Target free disk space :   14277.5 of   95393.8 Mb
Temp free disk space   :   14277.5 of   95393.8 Mb

Src info : C:\Users\Administrateur\exercices\Scopa\jeu\Images\7.club.bmp
bmp, 73x98px, 24bpp, 1 page(s), 96.265999x96.519997 dpi, 21614 bytes
Load all pages :  ok

Save :  ok

Dest info : C:\Users\Administrateur\exercices\Scopa\jeu\Images\7.club.png
png, 73x98px, 24bpp, 1 page(s), 96.000000x97.000000 dpi, 865 bytes

=====================================================================

File 43 of 53

RAM free    :     500.6 of    1534.0 Mb
Virtual free:    1904.8 of    2047.9 Mb
Target free disk space :   14277.6 of   95393.8 Mb
Temp free disk space   :   14277.6 of   95393.8 Mb

Src info : C:\Users\Administrateur\exercices\Scopa\jeu\Images\7.dia.bmp
bmp, 73x98px, 24bpp, 1 page(s), 96.265999x96.519997 dpi, 21614 bytes
Load all pages :  ok

Save :  ok

Dest info : C:\Users\Administrateur\exercices\Scopa\jeu\Images\7.dia.png
png, 73x98px, 24bpp, 1 page(s), 96.000000x97.000000 dpi, 857 bytes

=====================================================================

File 44 of 53

RAM free    :     500.6 of    1534.0 Mb
Virtual free:    1904.8 of    2047.9 Mb
Target free disk space :   14277.6 of   95393.8 Mb
Temp free disk space   :   14277.6 of   95393.8 Mb

Src info : C:\Users\Administrateur\exercices\Scopa\jeu\Images\7.heart.bmp
bmp, 73x98px, 24bpp, 1 page(s), 96.265999x96.519997 dpi, 21614 bytes
Load all pages :  ok

Save :  ok

Dest info : C:\Users\Administrateur\exercices\Scopa\jeu\Images\7.heart.png
png, 73x98px, 24bpp, 1 page(s), 96.000000x97.000000 dpi, 850 bytes

=====================================================================

File 45 of 53

RAM free    :     500.5 of    1534.0 Mb
Virtual free:    1904.8 of    2047.9 Mb
Target free disk space :   14277.6 of   95393.8 Mb
Temp free disk space   :   14277.6 of   95393.8 Mb

Src info : C:\Users\Administrateur\exercices\Scopa\jeu\Images\7.spade.bmp
bmp, 73x98px, 24bpp, 1 page(s), 96.265999x96.519997 dpi, 21614 bytes
Load all pages :  ok

Save :  ok

Dest info : C:\Users\Administrateur\exercices\Scopa\jeu\Images\7.spade.png
png, 73x98px, 24bpp, 1 page(s), 96.000000x97.000000 dpi, 862 bytes

=====================================================================

File 46 of 53

RAM free    :     500.5 of    1534.0 Mb
Virtual free:    1904.8 of    2047.9 Mb
Target free disk space :   14277.6 of   95393.8 Mb
Temp free disk space   :   14277.6 of   95393.8 Mb

Src info : C:\Users\Administrateur\exercices\Scopa\jeu\Images\8.club.bmp
bmp, 73x98px, 24bpp, 1 page(s), 96.265999x96.519997 dpi, 21614 bytes
Load all pages :  ok

Save :  ok

Dest info : C:\Users\Administrateur\exercices\Scopa\jeu\Images\8.club.png
png, 73x98px, 24bpp, 1 page(s), 96.000000x97.000000 dpi, 920 bytes

=====================================================================

File 47 of 53

RAM free    :     500.5 of    1534.0 Mb
Virtual free:    1904.8 of    2047.9 Mb
Target free disk space :   14277.6 of   95393.8 Mb
Temp free disk space   :   14277.6 of   95393.8 Mb

Src info : C:\Users\Administrateur\exercices\Scopa\jeu\Images\8.dia.bmp
bmp, 73x98px, 24bpp, 1 page(s), 96.265999x96.519997 dpi, 21614 bytes
Load all pages :  ok

Save :  ok

Dest info : C:\Users\Administrateur\exercices\Scopa\jeu\Images\8.dia.png
png, 73x98px, 24bpp, 1 page(s), 96.000000x97.000000 dpi, 916 bytes

=====================================================================

File 48 of 53

RAM free    :     500.5 of    1534.0 Mb
Virtual free:    1904.8 of    2047.9 Mb
Target free disk space :   14277.5 of   95393.8 Mb
Temp free disk space   :   14277.5 of   95393.8 Mb

Src info : C:\Users\Administrateur\exercices\Scopa\jeu\Images\8.heart.bmp
bmp, 73x98px, 24bpp, 1 page(s), 96.265999x96.519997 dpi, 21614 bytes
Load all pages :  ok

Save :  ok

Dest info : C:\Users\Administrateur\exercices\Scopa\jeu\Images\8.heart.png
png, 73x98px, 24bpp, 1 page(s), 96.000000x97.000000 dpi, 891 bytes

=====================================================================

File 49 of 53

RAM free    :     500.4 of    1534.0 Mb
Virtual free:    1904.8 of    2047.9 Mb
Target free disk space :   14277.5 of   95393.8 Mb
Temp free disk space   :   14277.5 of   95393.8 Mb

Src info : C:\Users\Administrateur\exercices\Scopa\jeu\Images\8.spade.bmp
bmp, 73x98px, 24bpp, 1 page(s), 96.265999x96.519997 dpi, 21614 bytes
Load all pages :  ok

Save :  ok

Dest info : C:\Users\Administrateur\exercices\Scopa\jeu\Images\8.spade.png
png, 73x98px, 24bpp, 1 page(s), 96.000000x97.000000 dpi, 915 bytes

=====================================================================

File 50 of 53

RAM free    :     500.4 of    1534.0 Mb
Virtual free:    1904.8 of    2047.9 Mb
Target free disk space :   14277.5 of   95393.8 Mb
Temp free disk space   :   14277.5 of   95393.8 Mb

Src info : C:\Users\Administrateur\exercices\Scopa\jeu\Images\9.club.bmp
bmp, 73x98px, 24bpp, 1 page(s), 96.265999x96.519997 dpi, 21614 bytes
Load all pages :  ok

Save :  ok

Dest info : C:\Users\Administrateur\exercices\Scopa\jeu\Images\9.club.png
png, 73x98px, 24bpp, 1 page(s), 96.000000x97.000000 dpi, 959 bytes

=====================================================================

File 51 of 53

RAM free    :     500.3 of    1534.0 Mb
Virtual free:    1904.8 of    2047.9 Mb
Target free disk space :   14277.5 of   95393.8 Mb
Temp free disk space   :   14277.5 of   95393.8 Mb

Src info : C:\Users\Administrateur\exercices\Scopa\jeu\Images\9.dia.bmp
bmp, 73x98px, 24bpp, 1 page(s), 96.265999x96.519997 dpi, 21614 bytes
Load all pages :  ok

Save :  ok

Dest info : C:\Users\Administrateur\exercices\Scopa\jeu\Images\9.dia.png
png, 73x98px, 24bpp, 1 page(s), 96.000000x97.000000 dpi, 941 bytes

=====================================================================

File 52 of 53

RAM free    :     500.3 of    1534.0 Mb
Virtual free:    1904.8 of    2047.9 Mb
Target free disk space :   14277.5 of   95393.8 Mb
Temp free disk space   :   14277.5 of   95393.8 Mb

Src info : C:\Users\Administrateur\exercices\Scopa\jeu\Images\9.heart.bmp
bmp, 73x98px, 24bpp, 1 page(s), 96.265999x96.519997 dpi, 21614 bytes
Load all pages :  ok

Save :  ok

Dest info : C:\Users\Administrateur\exercices\Scopa\jeu\Images\9.heart.png
png, 73x98px, 24bpp, 1 page(s), 96.000000x97.000000 dpi, 921 bytes

=====================================================================

File 53 of 53

RAM free    :     500.2 of    1534.0 Mb
Virtual free:    1904.8 of    2047.9 Mb
Target free disk space :   14277.5 of   95393.8 Mb
Temp free disk space   :   14277.5 of   95393.8 Mb

Src info : C:\Users\Administrateur\exercices\Scopa\jeu\Images\9.spade.bmp
bmp, 73x98px, 24bpp, 1 page(s), 96.265999x96.519997 dpi, 21614 bytes
Load all pages :  ok

Save :  ok

Dest info : C:\Users\Administrateur\exercices\Scopa\jeu\Images\9.spade.png
png, 73x98px, 24bpp, 1 page(s), 96.000000x97.000000 dpi, 954 bytes

Complete at Tuesday, July 08, 2008    17:29:06
=========================================
